TN:
SF:src/CurationToken.sol
DA:9,142
FN:9,CurationToken.mint
FNDA:142,CurationToken.mint
DA:10,142
DA:13,20
FN:13,CurationToken.burn
FNDA:20,CurationToken.burn
DA:14,20
FNF:2
FNH:2
LF:4
LH:4
BRF:0
BRH:0
end_of_record
TN:
SF:src/LaunchFactory.sol
DA:73,621
FN:73,LaunchFactory._getLaunchFactoryStorage
FNDA:621,LaunchFactory._getLaunchFactoryStorage
DA:76,621
DA:81,15
FN:81,LaunchFactory.constructor
FNDA:15,LaunchFactory.constructor
DA:82,15
DA:85,6
FN:85,LaunchFactory.onlyCurationContract
FNDA:6,LaunchFactory.onlyCurationContract
DA:86,6
BRDA:86,0,0,-
DA:90,15
FN:90,LaunchFactory.initialize
FNDA:15,LaunchFactory.initialize
DA:91,15
DA:92,15
DA:93,15
DA:95,15
BRDA:95,1,0,-
DA:96,15
BRDA:96,2,0,-
DA:98,15
DA:99,15
DA:100,15
DA:101,15
DA:111,0
FN:111,LaunchFactory._authorizeUpgrade
FNDA:0,LaunchFactory._authorizeUpgrade
DA:113,15
FN:113,LaunchFactory.setMinimumLaunchAmount
FNDA:15,LaunchFactory.setMinimumLaunchAmount
DA:115,15
DA:116,15
DA:119,15
FN:119,LaunchFactory.setMinimumCurationPeriod
FNDA:15,LaunchFactory.setMinimumCurationPeriod
DA:120,15
BRDA:120,3,0,-
DA:122,15
DA:123,15
DA:126,15
FN:126,LaunchFactory.setMaximumStakingAmountPercentage
FNDA:15,LaunchFactory.setMaximumStakingAmountPercentage
DA:127,15
BRDA:127,4,0,-
DA:129,15
DA:130,15
DA:133,15
FN:133,LaunchFactory.setMinimumStakingAmountPercentage
FNDA:15,LaunchFactory.setMinimumStakingAmountPercentage
DA:134,15
BRDA:134,5,0,-
DA:136,15
DA:137,15
DA:140,488
FN:140,LaunchFactory.getLaunchStatus
FNDA:488,LaunchFactory.getLaunchStatus
DA:141,491
DA:144,1
FN:144,LaunchFactory.getLaunchAddress
FNDA:1,LaunchFactory.getLaunchAddress
DA:145,16
DA:148,1
FN:148,LaunchFactory.getLaunchAmountForStaking
FNDA:1,LaunchFactory.getLaunchAmountForStaking
DA:149,1
DA:152,3
FN:152,LaunchFactory.getLaunchAmountForLiquidity
FNDA:3,LaunchFactory.getLaunchAmountForLiquidity
DA:153,3
DA:156,1
FN:156,LaunchFactory.getLaunchStakedAmountAfterCurationPeriod
FNDA:1,LaunchFactory.getLaunchStakedAmountAfterCurationPeriod
DA:157,1
DA:160,19
FN:160,LaunchFactory.launchTokenForCuration
FNDA:19,LaunchFactory.launchTokenForCuration
DA:166,19
DA:168,19
BRDA:168,6,0,-
DA:169,19
BRDA:169,7,0,1
DA:170,18
BRDA:170,8,0,1
DA:172,17
DA:174,17
BRDA:174,9,0,1
DA:175,1
DA:179,16
DA:180,15
DA:181,2
BRDA:181,10,0,2
DA:182,2
DA:185,14
DA:187,14
DA:199,14
DA:200,14
DA:201,14
DA:202,14
DA:203,14
DA:205,14
DA:209,13
FN:209,LaunchFactory.setMaxAllowedPerUserForNewLaunch
FNDA:13,LaunchFactory.setMaxAllowedPerUserForNewLaunch
DA:210,13
DA:213,3
FN:213,LaunchFactory.addLiquidity
FNDA:3,LaunchFactory.addLiquidity
DA:218,3
DA:219,3
DA:221,3
BRDA:221,11,0,1
DA:222,1
DA:225,2
DA:226,2
DA:228,2
DA:229,2
DA:231,2
DA:233,2
BRDA:233,12,0,-
DA:234,0
DA:237,2
DA:239,2
DA:252,2
DA:255,6
FN:255,LaunchFactory.updateLaunchStatus
FNDA:6,LaunchFactory.updateLaunchStatus
DA:259,6
DA:260,6
DA:263,6
FN:263,LaunchFactory.updateLaunchStakedAmountAfterCurationPeriod
FNDA:6,LaunchFactory.updateLaunchStakedAmountAfterCurationPeriod
DA:267,6
DA:268,6
FNF:19
FNH:18
LF:85
LH:83
BRF:13
BRH:5
end_of_record
TN:
SF:src/NewLaunch.sol
DA:52,15
FN:52,NewLaunch.constructor
FNDA:15,NewLaunch.constructor
DA:53,15
DA:56,14
FN:56,NewLaunch.initialize
FNDA:14,NewLaunch.initialize
DA:63,14
DA:64,14
DA:65,14
DA:66,14
DA:67,14
DA:68,14
DA:71,13
FN:71,NewLaunch.onlyFactory
FNDA:13,NewLaunch.onlyFactory
DA:72,13
BRDA:72,0,0,-
DA:77,13
FN:77,NewLaunch.setMaxAllowedPerUser
FNDA:13,NewLaunch.setMaxAllowedPerUser
DA:78,13
BRDA:78,1,0,-
DA:79,13
DA:83,1
FN:83,NewLaunch.maxAmountAllowedForOneUser
FNDA:1,NewLaunch.maxAmountAllowedForOneUser
DA:84,128
DA:88,128
FN:88,NewLaunch.stakeCurationToken
FNDA:128,NewLaunch.stakeCurationToken
DA:89,128
DA:91,128
BRDA:91,2,0,1
DA:92,127
BRDA:92,3,0,1
DA:94,126
BRDA:94,4,0,1
DA:95,1
DA:98,125
DA:101,125
BRDA:101,5,0,2
DA:102,2
DA:105,125
DA:106,124
DA:109,124
BRDA:109,7,0,1
DA:110,1
DA:113,124
DA:114,124
DA:115,124
DA:117,124
DA:120,22
FN:120,NewLaunch.unstakeCurationToken
FNDA:22,NewLaunch.unstakeCurationToken
DA:121,22
DA:122,22
DA:124,22
BRDA:124,8,0,1
DA:125,21
BRDA:125,9,0,1
DA:126,1
DA:129,20
DA:130,20
DA:132,20
DA:135,3
FN:135,NewLaunch.triggerLaunchState
FNDA:3,NewLaunch.triggerLaunchState
DA:136,176
DA:138,137
BRDA:138,11,0,4
BRDA:138,11,1,2
DA:139,4
DA:140,4
DA:141,4
DA:142,133
BRDA:142,12,0,2
DA:143,2
DA:144,2
DA:145,2
DA:148,2
DA:151,137
DA:154,23
FN:154,NewLaunch.claimLaunchToken
FNDA:23,NewLaunch.claimLaunchToken
DA:155,23
DA:156,23
DA:157,23
BRDA:157,13,0,1
DA:159,22
BRDA:159,14,0,1
DA:160,1
DA:162,21
BRDA:162,15,0,1
DA:164,20
DA:165,20
DA:168,20
DA:170,20
DA:173,2
FN:173,NewLaunch.addLiquidity
FNDA:2,NewLaunch.addLiquidity
DA:179,2
BRDA:179,16,0,-
DA:180,2
BRDA:180,17,0,-
DA:182,2
DA:184,2
BRDA:184,18,0,-
DA:185,0
DA:188,2
DA:189,2
DA:191,2
DA:193,2
BRDA:193,19,0,-
DA:194,0
DA:195,0
DA:196,0
DA:198,2
BRDA:198,20,0,-
DA:199,0
DA:200,0
DA:201,0
DA:204,2
FNF:10
FNH:10
LF:83
LH:76
BRF:20
BRH:13
end_of_record
TN:
SF:src/library/FullMath.sol
DA:14,3
FN:14,FullMath.mulDiv
FNDA:3,FullMath.mulDiv
DA:25,3
DA:26,3
DA:28,3
DA:29,3
DA:30,3
DA:34,3
BRDA:34,0,0,3
DA:35,3
BRDA:35,1,0,-
BRDA:35,1,1,3
DA:37,3
DA:39,3
DA:44,0
BRDA:44,2,0,-
BRDA:44,2,1,-
DA:52,0
DA:54,0
DA:58,0
DA:59,0
DA:65,0
DA:68,0
DA:73,0
DA:79,0
DA:81,0
DA:88,0
DA:92,0
DA:93,0
DA:94,0
DA:95,0
DA:96,0
DA:97,0
DA:105,0
DA:106,0
DA:115,0
FN:115,FullMath.mulDivRoundingUp
FNDA:0,FullMath.mulDivRoundingUp
DA:121,0
DA:122,0
BRDA:122,3,0,-
DA:123,0
BRDA:123,4,0,-
BRDA:123,4,1,-
DA:124,0
FNF:2
FNH:1
LF:34
LH:10
BRF:8
BRH:2
end_of_record
TN:
SF:src/library/LiquidityAmounts.sol
DA:13,2
FN:13,LiquidityAmounts.toUint128
FNDA:2,LiquidityAmounts.toUint128
DA:14,2
BRDA:14,0,0,-
BRDA:14,0,1,2
DA:23,1
FN:23,LiquidityAmounts.getLiquidityForAmount0
FNDA:1,LiquidityAmounts.getLiquidityForAmount0
DA:28,1
DA:29,0
BRDA:29,1,0,-
DA:30,1
DA:36,1
DA:37,1
DA:49,1
FN:49,LiquidityAmounts.getLiquidityForAmount1
FNDA:1,LiquidityAmounts.getLiquidityForAmount1
DA:54,1
DA:55,0
BRDA:55,2,0,-
DA:57,1
DA:58,1
DA:76,1
FN:76,LiquidityAmounts.getLiquidityForAmounts
FNDA:1,LiquidityAmounts.getLiquidityForAmounts
DA:83,1
DA:84,0
BRDA:84,3,0,-
DA:86,1
BRDA:86,4,0,-
BRDA:86,4,1,-
DA:87,0
DA:88,1
BRDA:88,5,0,1
BRDA:88,5,1,-
DA:89,1
DA:94,1
DA:100,1
DA:102,0
DA:111,0
FN:111,LiquidityAmounts.getAmount0ForLiquidity
FNDA:0,LiquidityAmounts.getAmount0ForLiquidity
DA:117,0
DA:118,0
BRDA:118,6,0,-
DA:120,0
DA:121,0
DA:134,0
FN:134,LiquidityAmounts.getAmount1ForLiquidity
FNDA:0,LiquidityAmounts.getAmount1ForLiquidity
DA:139,0
DA:140,0
BRDA:140,7,0,-
DA:143,0
DA:144,0
DA:160,0
FN:160,LiquidityAmounts.getAmountsForLiquidity
FNDA:0,LiquidityAmounts.getAmountsForLiquidity
DA:166,0
DA:167,0
BRDA:167,8,0,-
DA:169,0
BRDA:169,9,0,-
BRDA:169,9,1,-
DA:170,0
DA:171,0
BRDA:171,10,0,-
BRDA:171,10,1,-
DA:172,0
DA:173,0
DA:175,0
FNF:7
FNH:4
LF:42
LH:18
BRF:16
BRH:2
end_of_record
TN:
SF:src/library/TickMath.sol
DA:27,2
FN:27,TickMath.getSqrtRatioAtTick
FNDA:2,TickMath.getSqrtRatioAtTick
DA:31,2
DA:34,2
BRDA:34,0,0,-
DA:36,2
DA:39,2
DA:40,0
BRDA:40,1,0,-
DA:41,2
DA:42,0
BRDA:42,2,0,-
DA:43,2
DA:44,0
BRDA:44,3,0,-
DA:45,2
DA:46,2
BRDA:46,4,0,2
DA:47,2
DA:48,2
BRDA:48,5,0,2
DA:49,2
DA:50,0
BRDA:50,6,0,-
DA:51,2
DA:52,2
BRDA:52,7,0,2
DA:53,2
DA:54,0
BRDA:54,8,0,-
DA:55,2
DA:56,0
BRDA:56,9,0,-
DA:57,2
DA:58,2
BRDA:58,10,0,2
DA:59,2
DA:60,0
BRDA:60,11,0,-
DA:61,2
DA:62,0
BRDA:62,12,0,-
DA:63,2
DA:64,0
BRDA:64,13,0,-
DA:65,2
DA:66,0
BRDA:66,14,0,-
DA:67,2
DA:68,0
BRDA:68,15,0,-
DA:69,2
DA:70,0
BRDA:70,16,0,-
DA:71,2
DA:72,0
BRDA:72,17,0,-
DA:73,2
DA:74,0
BRDA:74,18,0,-
DA:75,2
DA:76,0
BRDA:76,19,0,-
DA:78,2
BRDA:78,20,0,1
DA:83,2
DA:92,0
FN:92,TickMath.getTickAtSqrtRatio
FNDA:0,TickMath.getTickAtSqrtRatio
DA:97,0
DA:98,0
BRDA:98,21,0,-
DA:99,0
DA:101,0
DA:102,0
DA:105,0
DA:106,0
DA:107,0
DA:110,0
DA:111,0
DA:112,0
DA:115,0
DA:116,0
DA:117,0
DA:120,0
DA:121,0
DA:122,0
DA:125,0
DA:126,0
DA:127,0
DA:130,0
DA:131,0
DA:132,0
DA:135,0
DA:136,0
DA:137,0
DA:140,0
DA:141,0
DA:144,0
BRDA:144,22,0,-
BRDA:144,22,1,-
DA:145,0
DA:147,0
DA:150,0
DA:151,0
DA:152,0
DA:153,0
DA:156,0
DA:157,0
DA:158,0
DA:159,0
DA:162,0
DA:163,0
DA:164,0
DA:165,0
DA:168,0
DA:169,0
DA:170,0
DA:171,0
DA:174,0
DA:175,0
DA:176,0
DA:177,0
DA:180,0
DA:181,0
DA:182,0
DA:183,0
DA:186,0
DA:187,0
DA:188,0
DA:189,0
DA:192,0
DA:193,0
DA:194,0
DA:195,0
DA:198,0
DA:199,0
DA:200,0
DA:201,0
DA:204,0
DA:205,0
DA:206,0
DA:207,0
DA:210,0
DA:211,0
DA:212,0
DA:213,0
DA:216,0
DA:217,0
DA:218,0
DA:219,0
DA:222,0
DA:223,0
DA:224,0
DA:225,0
DA:228,0
DA:229,0
DA:230,0
DA:233,0
DA:235,0
DA:238,0
DA:242,0
FNF:2
FNH:1
LF:135
LH:29
BRF:24
BRH:5
end_of_record
